<?xml version="1.0" encoding="UTF-8"?>
<!-- Generated by org.testng.reporters.JUnitReportReporter -->
<testsuite hostname="RajkumarYadav" failures="0" tests="2" name="seleniumframeworkJava.array" time="0.011" errors="0" timestamp="2022-05-04T02:01:40 IST" skipped="0">
  <testcase classname="seleniumframeworkJava.array" name="arraytest" time="0.009"/>
  <system-out/>
  <testcase classname="seleniumframeworkJava.array" name="arraytest2" time="0.002"/>
  <system-out/>
</testsuite> <!-- seleniumframeworkJava.array -->
