<?xml version="1.0" encoding="UTF-8"?>
<!-- Generated by org.testng.reporters.JUnitReportReporter -->
<testsuite hostname="RajkumarYadav" failures="0" tests="1" name="seleniumframeworkJava.webElement" time="16.804" errors="0" timestamp="2022-05-04T08:09:33 IST" skipped="0">
  <testcase classname="seleniumframeworkJava.webElement" name="mousehower" time="16.804"/>
  <system-out/>
</testsuite> <!-- seleniumframeworkJava.webElement -->
