<?xml version="1.0" encoding="UTF-8"?>
<!-- Generated by org.testng.reporters.JUnitReportReporter -->
<testsuite hostname="RajkumarYadav" failures="0" tests="1" name="seleniumframeworkJava.array" time="0.009" errors="0" timestamp="2022-05-04T01:52:14 IST" skipped="0">
  <testcase classname="seleniumframeworkJava.array" name="arraytest" time="0.009"/>
  <system-out/>
</testsuite> <!-- seleniumframeworkJava.array -->
