<?xml version="1.0" encoding="UTF-8"?>
<!-- Generated by org.testng.reporters.JUnitReportReporter -->
<testsuite hostname="RajkumarYadav" failures="0" tests="1" name="seleniumframeworkJava.TestNG" time="15.753" errors="0" timestamp="2022-04-27T01:25:56 IST" skipped="0">
  <testcase classname="seleniumframeworkJava.TestNG" name="runbrowser" time="15.753"/>
  <system-out/>
</testsuite> <!-- seleniumframeworkJava.TestNG -->
