<?xml version="1.0" encoding="UTF-8"?>
<!-- Generated by org.testng.reporters.JUnitReportReporter -->
<testsuite hostname="FC-IN-3HV0Y93" failures="0" tests="2" name="seleniumframeworkJava.array" time="0.012" errors="0" timestamp="2022-06-30T09:18:30 IST" skipped="0">
  <testcase classname="seleniumframeworkJava.array" name="arraytest2" time="0.002"/>
  <system-out/>
  <testcase classname="seleniumframeworkJava.array" name="arraytest" time="0.010"/>
  <system-out/>
</testsuite> <!-- seleniumframeworkJava.array -->
