<?xml version="1.0" encoding="UTF-8"?>
<!-- Generated by org.testng.reporters.JUnitReportReporter -->
<testsuite hostname="RajkumarYadav" failures="0" tests="1" name="seleniumframeworkJava.test1" time="18.172" errors="0" timestamp="2022-04-28T12:17:54 IST" skipped="0">
  <testcase classname="seleniumframeworkJava.test1" name="test2" time="18.172"/>
  <system-out/>
</testsuite> <!-- seleniumframeworkJava.test1 -->
